Release 14.5 - xst P.58f (nt64)
Copyright (c) 1995-2012 Xilinx, Inc.  All rights reserved.
--> Parameter TMPDIR set to xst/projnav.tmp


Total REAL time to Xst completion: 0.00 secs
Total CPU time to Xst completion: 0.08 secs
 
--> Parameter xsthdpdir set to xst


Total REAL time to Xst completion: 0.00 secs
Total CPU time to Xst completion: 0.08 secs
 
--> Reading design: HW4_instr_Data.prj

TABLE OF CONTENTS
  1) Synthesis Options Summary
  2) HDL Compilation
  3) Design Hierarchy Analysis
  4) HDL Analysis
  5) HDL Synthesis
     5.1) HDL Synthesis Report
  6) Advanced HDL Synthesis
     6.1) Advanced HDL Synthesis Report
  7) Low Level Synthesis
  8) Partition Report
  9) Final Report
	9.1) Device utilization summary
	9.2) Partition Resource Summary
	9.3) TIMING REPORT


=========================================================================
*                      Synthesis Options Summary                        *
=========================================================================
---- Source Parameters
Input File Name                    : "HW4_instr_Data.prj"
Input Format                       : mixed
Ignore Synthesis Constraint File   : NO

---- Target Parameters
Output File Name                   : "HW4_instr_Data"
Output Format                      : NGC
Target Device                      : xc3s100e-4-cp132

---- Source Options
Top Module Name                    : HW4_instr_Data
Automatic FSM Extraction           : YES
FSM Encoding Algorithm             : Auto
Safe Implementation                : No
FSM Style                          : LUT
RAM Extraction                     : Yes
RAM Style                          : Auto
ROM Extraction                     : Yes
Mux Style                          : Auto
Decoder Extraction                 : YES
Priority Encoder Extraction        : Yes
Shift Register Extraction          : YES
Logical Shifter Extraction         : YES
XOR Collapsing                     : YES
ROM Style                          : Auto
Mux Extraction                     : Yes
Resource Sharing                   : YES
Asynchronous To Synchronous        : NO
Multiplier Style                   : Auto
Automatic Register Balancing       : No

---- Target Options
Add IO Buffers                     : YES
Global Maximum Fanout              : 500
Add Generic Clock Buffer(BUFG)     : 24
Register Duplication               : YES
Slice Packing                      : YES
Optimize Instantiated Primitives   : NO
Use Clock Enable                   : Yes
Use Synchronous Set                : Yes
Use Synchronous Reset              : Yes
Pack IO Registers into IOBs        : Auto
Equivalent register Removal        : YES

---- General Options
Optimization Goal                  : Speed
Optimization Effort                : 1
Keep Hierarchy                     : No
Netlist Hierarchy                  : As_Optimized
RTL Output                         : Yes
Global Optimization                : AllClockNets
Read Cores                         : YES
Write Timing Constraints           : NO
Cross Clock Analysis               : NO
Hierarchy Separator                : /
Bus Delimiter                      : <>
Case Specifier                     : Maintain
Slice Utilization Ratio            : 100
BRAM Utilization Ratio             : 100
Verilog 2001                       : YES
Auto BRAM Packing                  : NO
Slice Utilization Ratio Delta      : 5

=========================================================================


=========================================================================
*                          HDL Compilation                              *
=========================================================================
Compiling verilog file "HW4_instr_Data.v" in library work
Module <HW4_instr_Data> compiled
No errors in compilation
Analysis of file <"HW4_instr_Data.prj"> succeeded.
 

=========================================================================
*                     Design Hierarchy Analysis                         *
=========================================================================
Analyzing hierarchy for module <HW4_instr_Data> in library <work>.


=========================================================================
*                            HDL Analysis                               *
=========================================================================
Analyzing top module <HW4_instr_Data>.
Module <HW4_instr_Data> is correct for synthesis.
 

=========================================================================
*                           HDL Synthesis                               *
=========================================================================

Performing bidirectional port resolution...

Synthesizing Unit <HW4_instr_Data>.
    Related source file is "HW4_instr_Data.v".
WARNING:Xst:647 - Input <instruction<31:28>> is never used. This port will be preserved and left unconnected if it belongs to a top-level block or it belongs to a sub-block and the hierarchy of this sub-block is preserved.
WARNING:Xst:647 - Input <instruction<23:8>> is never used. This port will be preserved and left unconnected if it belongs to a top-level block or it belongs to a sub-block and the hierarchy of this sub-block is preserved.
WARNING:Xst:647 - Input <instruction<3:0>> is never used. This port will be preserved and left unconnected if it belongs to a top-level block or it belongs to a sub-block and the hierarchy of this sub-block is preserved.
WARNING:Xst:737 - Found 4-bit latch for signal <data_instr_type>. Latches may be generated from incomplete case or if statements. We do not recommend the use of latches in FPGA/CPLD designs, as they may lead to timing problems.
WARNING:Xst:737 - Found 2-bit latch for signal <mem_instr_type>. Latches may be generated from incomplete case or if statements. We do not recommend the use of latches in FPGA/CPLD designs, as they may lead to timing problems.
WARNING:Xst:737 - Found 2-bit latch for signal <jmp_instr_type>. Latches may be generated from incomplete case or if statements. We do not recommend the use of latches in FPGA/CPLD designs, as they may lead to timing problems.
Unit <HW4_instr_Data> synthesized.


=========================================================================
HDL Synthesis Report

Macro Statistics
# Latches                                              : 3
 2-bit latch                                           : 2
 4-bit latch                                           : 1

=========================================================================

=========================================================================
*                       Advanced HDL Synthesis                          *
=========================================================================

WARNING:Xst:1710 - FF/Latch <0> (without init value) has a constant value of 0 in block <3>. This FF/Latch will be trimmed during the optimization process.
WARNING:Xst:1710 - FF/Latch <0> (without init value) has a constant value of 0 in block <1>. This FF/Latch will be trimmed during the optimization process.

=========================================================================
Advanced HDL Synthesis Report

Macro Statistics
# Latches                                              : 3
 2-bit latch                                           : 2
 4-bit latch                                           : 1

=========================================================================

=========================================================================
*                         Low Level Synthesis                           *
=========================================================================
WARNING:Xst:1710 - FF/Latch <mem_instr_type_1> (without init value) has a constant value of 0 in block <HW4_instr_Data>. This FF/Latch will be trimmed during the optimization process.
WARNING:Xst:1895 - Due to other FF/Latch trimming, FF/Latch <data_instr_type_3> (without init value) has a constant value of 0 in block <HW4_instr_Data>. This FF/Latch will be trimmed during the optimization process.

Optimizing unit <HW4_instr_Data> ...
WARNING:Xst:1710 - FF/Latch <data_instr_type_2> (without init value) has a constant value of 0 in block <HW4_instr_Data>. This FF/Latch will be trimmed during the optimization process.

Mapping all equations...
Building and optimizing final netlist ...
Found area constraint ratio of 100 (+ 5) on block HW4_instr_Data, actual ratio is 0.

Final Macro Processing ...

=========================================================================
Final Register Report

Found no macro
=========================================================================

=========================================================================
*                           Partition Report                            *
=========================================================================

Partition Implementation Status
-------------------------------

  No Partitions were found in this design.

-------------------------------

=========================================================================
*                            Final Report                               *
=========================================================================
Final Results
RTL Top Level Output File Name     : HW4_instr_Data.ngr
Top Level Output File Name         : HW4_instr_Data
Output Format                      : NGC
Optimization Goal                  : Speed
Keep Hierarchy                     : No

Design Statistics
# IOs                              : 43

Cell Usage :
# BELS                             : 9
#      GND                         : 1
#      INV                         : 1
#      LUT2                        : 5
#      LUT3                        : 2
# FlipFlops/Latches                : 5
#      LD                          : 1
#      LDE                         : 2
#      LDE_1                       : 2
# Clock Buffers                    : 1
#      BUFG                        : 1
# IO Buffers                       : 17
#      IBUF                        : 6
#      OBUF                        : 11
=========================================================================

Device utilization summary:
---------------------------

Selected Device : 3s100ecp132-4 

 Number of Slices:                        4  out of    960     0%  
 Number of 4 input LUTs:                  8  out of   1920     0%  
 Number of IOs:                          43
 Number of bonded IOBs:                  17  out of     83    20%  
    IOB Flip Flops:                       5
 Number of GCLKs:                         1  out of     24     4%  

---------------------------
Partition Resource Summary:
---------------------------

  No Partitions were found in this design.

---------------------------


=========================================================================
TIMING REPORT

NOTE: THESE TIMING NUMBERS ARE ONLY A SYNTHESIS ESTIMATE.
      FOR ACCURATE TIMING INFORMATION PLEASE REFER TO THE TRACE REPORT
      GENERATED AFTER PLACE-and-ROUTE.

Clock Information:
------------------
-------------------------------------------------+--------------------------+-------+
Clock Signal                                     | Clock buffer(FF name)    | Load  |
-------------------------------------------------+--------------------------+-------+
mem_instr_type_not0001(mem_instr_type_not00011:O)| NONE(*)(jmp_instr_type_0)| 3     |
instruction<27>                                  | IBUF+BUFG                | 2     |
-------------------------------------------------+--------------------------+-------+
(*) This 1 clock signal(s) are generated by combinatorial logic,
and XST is not able to identify which are the primary clock signals.
Please use the CLOCK_SIGNAL constraint to specify the clock signal(s) generated by combinatorial logic.
INFO:Xst:2169 - HDL ADVISOR - Some clock signals were not automatically buffered by XST with BUFG/BUFR resources. Please use the buffer_type constraint in order to insert these buffers to the clock signals to help prevent skew problems.

Asynchronous Control Signals Information:
----------------------------------------
No asynchronous control signals found in this design

Timing Summary:
---------------
Speed Grade: -4

   Minimum period: No path found
   Minimum input arrival time before clock: 3.686ns
   Maximum output required time after clock: 4.368ns
   Maximum combinational path delay: 6.376ns

Timing Detail:
--------------
All values displayed in nanoseconds (ns)

=========================================================================
Timing constraint: Default OFFSET IN BEFORE for Clock 'mem_instr_type_not0001'
  Total number of paths / destination ports: 9 / 5
-------------------------------------------------------------------------
Offset:              3.686ns (Levels of Logic = 2)
  Source:            instruction<26> (PAD)
  Destination:       jmp_instr_type_0 (LATCH)
  Destination Clock: mem_instr_type_not0001 falling

  Data Path: instruction<26> to jmp_instr_type_0
                                Gate     Net
    Cell:in->out      fanout   Delay   Delay  Logical Name (Net Name)
    ----------------------------------------  ------------
     IBUF:I->O             4   1.218   0.762  instruction_26_IBUF (instruction_26_IBUF)
     LUT2:I0->O            2   0.704   0.447  jmp_instr_type_not00011 (jmp_instr_type_not0001)
     LDE:GE                    0.555          jmp_instr_type_1
    ----------------------------------------
    Total                      3.686ns (2.477ns logic, 1.209ns route)
                                       (67.2% logic, 32.8% route)

=========================================================================
Timing constraint: Default OFFSET IN BEFORE for Clock 'instruction<27>'
  Total number of paths / destination ports: 8 / 4
-------------------------------------------------------------------------
Offset:              3.595ns (Levels of Logic = 2)
  Source:            instruction<26> (PAD)
  Destination:       data_instr_type_0 (LATCH)
  Destination Clock: instruction<27> rising

  Data Path: instruction<26> to data_instr_type_0
                                Gate     Net
    Cell:in->out      fanout   Delay   Delay  Logical Name (Net Name)
    ----------------------------------------  ------------
     IBUF:I->O             4   1.218   0.587  instruction_26_IBUF (instruction_26_IBUF)
     INV:I->O              3   0.704   0.531  instr_type<0>1_INV_0 (instr_type_0_OBUF)
     LDE_1:GE                  0.555          data_instr_type_0
    ----------------------------------------
    Total                      3.595ns (2.477ns logic, 1.118ns route)
                                       (68.9% logic, 31.1% route)

=========================================================================
Timing constraint: Default OFFSET OUT AFTER for Clock 'instruction<27>'
  Total number of paths / destination ports: 2 / 2
-------------------------------------------------------------------------
Offset:              4.368ns (Levels of Logic = 1)
  Source:            data_instr_type_1 (LATCH)
  Destination:       data_instr_type<1> (PAD)
  Source Clock:      instruction<27> rising

  Data Path: data_instr_type_1 to data_instr_type<1>
                                Gate     Net
    Cell:in->out      fanout   Delay   Delay  Logical Name (Net Name)
    ----------------------------------------  ------------
     LDE_1:G->Q            1   0.676   0.420  data_instr_type_1 (data_instr_type_1)
     OBUF:I->O                 3.272          data_instr_type_1_OBUF (data_instr_type<1>)
    ----------------------------------------
    Total                      4.368ns (3.948ns logic, 0.420ns route)
                                       (90.4% logic, 9.6% route)

=========================================================================
Timing constraint: Default OFFSET OUT AFTER for Clock 'mem_instr_type_not0001'
  Total number of paths / destination ports: 3 / 3
-------------------------------------------------------------------------
Offset:              4.368ns (Levels of Logic = 1)
  Source:            mem_instr_type_0 (LATCH)
  Destination:       mem_instr_type<0> (PAD)
  Source Clock:      mem_instr_type_not0001 falling

  Data Path: mem_instr_type_0 to mem_instr_type<0>
                                Gate     Net
    Cell:in->out      fanout   Delay   Delay  Logical Name (Net Name)
    ----------------------------------------  ------------
     LD:G->Q               1   0.676   0.420  mem_instr_type_0 (mem_instr_type_0)
     OBUF:I->O                 3.272          mem_instr_type_0_OBUF (mem_instr_type<0>)
    ----------------------------------------
    Total                      4.368ns (3.948ns logic, 0.420ns route)
                                       (90.4% logic, 9.6% route)

=========================================================================
Timing constraint: Default path analysis
  Total number of paths / destination ports: 3 / 2
-------------------------------------------------------------------------
Delay:               6.376ns (Levels of Logic = 3)
  Source:            instruction<27> (PAD)
  Destination:       instr_type<1> (PAD)

  Data Path: instruction<27> to instr_type<1>
                                Gate     Net
    Cell:in->out      fanout   Delay   Delay  Logical Name (Net Name)
    ----------------------------------------  ------------
     IBUF:I->O             4   1.218   0.762  instruction_27_IBUF (instruction_27_IBUF1)
     LUT2:I0->O            1   0.704   0.420  instr_type<1>1 (instr_type_1_OBUF)
     OBUF:I->O                 3.272          instr_type_1_OBUF (instr_type<1>)
    ----------------------------------------
    Total                      6.376ns (5.194ns logic, 1.182ns route)
                                       (81.5% logic, 18.5% route)

=========================================================================


Total REAL time to Xst completion: 4.00 secs
Total CPU time to Xst completion: 4.31 secs
 
--> 

Total memory usage is 4502748 kilobytes

Number of errors   :    0 (   0 filtered)
Number of warnings :   11 (   0 filtered)
Number of infos    :    1 (   0 filtered)

